<?xml version="1.0" encoding="UTF-8"?>
<!-- Generated by org.testng.reporters.JUnitReportReporter -->
<testsuite hostname="LAPTOP-AATKJCMA" failures="0" tests="1" name="Javastream_test1" time="0.011" errors="0" timestamp="2022-12-17T20:51:06 IST" skipped="0">
  <testcase classname="Javastream_test1" name="streamCollect" time="0.011"/>
  <system-out/>
</testsuite> <!-- Javastream_test1 -->
